2017-06-09 08:22:00,799 ERROR [stderr] (default task-59) [Fatal Error] :8:201: Invalid byte 2 of 4-byte UTF-8 sequence.

2017-06-09 08:22:00,801 WARN  [org.jbpm.formModeler.kie.services.form.provider.FormModelerFormProvider] (default task-59) Error rendering form: : org.xml.sax.SAXParseException; lineNumber: 8; columnNumber: 201; Invalid byte 2 of 4-byte UTF-8 sequence.
	at org.apache.xerces.parsers.DOMParser.parse(DOMParser.java:246)
	at org.jbpm.formModeler.core.config.FormSerializationManagerImpl.loadFormFromXML(FormSerializationManagerImpl.java:130)
	at org.jbpm.formModeler.core.config.FormSerializationManagerImpl.loadFormFromXML(FormSerializationManagerImpl.java:125)
	at org.jbpm.formModeler.core.config.FormSerializationManagerImpl.loadFormFromXML(FormSerializationManagerImpl.java:120)
	at org.jbpm.formModeler.core.config.FormSerializationManagerImpl$Proxy$_$$_WeldClientProxy.loadFormFromXML(Unknown Source)
	at org.jbpm.formModeler.kie.services.form.provider.FormModelerFormProvider.renderProcessForm(FormModelerFormProvider.java:128)
	at org.jbpm.formModeler.kie.services.form.provider.FormModelerFormProvider.render(FormModelerFormProvider.java:74)
	at org.jbpm.kie.services.impl.form.FormProviderServiceImpl.getFormDisplayProcess(FormProviderServiceImpl.java:92)
	at org.jbpm.services.cdi.impl.form.FormProvidesServiceCDIImpl$Proxy$_$$_WeldClientProxy.getFormDisplayProcess(Unknown Source)
	at org.jbpm.console.ng.ht.forms.backend.server.FormServiceEntryPointImpl.getFormDisplayProcess(FormServiceEntryPointImpl.java:54)
	at org.jbpm.console.ng.ht.forms.backend.server.FormServiceEntryPointImpl$Proxy$_$$_WeldClientProxy.getFormDisplayProcess(Unknown Source)
	at sun.reflect.NativeMethodAccessorImpl.invoke0(Native Method)
	at sun.reflect.NativeMethodAccessorImpl.invoke(NativeMethodAccessorImpl.java:62)
	at sun.reflect.DelegatingMethodAccessorImpl.invoke(DelegatingMethodAccessorImpl.java:43)
	at java.lang.reflect.Method.invoke(Method.java:498)
	at org.jboss.errai.bus.server.io.AbstractRPCMethodCallback.invokeMethodFromMessage(AbstractRPCMethodCallback.java:48)
	at org.jboss.errai.bus.server.io.ValueReplyRPCEndpointCallback.callback(ValueReplyRPCEndpointCallback.java:22)
	at org.jboss.errai.bus.server.io.RemoteServiceCallback.callback(RemoteServiceCallback.java:54)
	at org.jboss.errai.cdi.server.CDIExtensionPoints$2.callback(CDIExtensionPoints.java:410)
	at org.jboss.errai.bus.server.DeliveryPlan.deliver(DeliveryPlan.java:47)
	at org.jboss.errai.bus.server.ServerMessageBusImpl.sendGlobal(ServerMessageBusImpl.java:296)
	at org.jboss.errai.bus.server.SimpleDispatcher.dispatchGlobal(SimpleDispatcher.java:46)
	at org.jboss.errai.bus.server.service.ErraiServiceImpl.store(ErraiServiceImpl.java:97)
	at org.jboss.errai.bus.server.service.ErraiServiceImpl.store(ErraiServiceImpl.java:114)
	at org.jboss.errai.bus.server.servlet.DefaultBlockingServlet.doPost(DefaultBlockingServlet.java:142)
	at javax.servlet.http.HttpServlet.service(HttpServlet.java:707)
	at javax.servlet.http.HttpServlet.service(HttpServlet.java:790)
	at io.undertow.servlet.handlers.ServletHandler.handleRequest(ServletHandler.java:85)
	at io.undertow.servlet.handlers.FilterHandler$FilterChainImpl.doFilter(FilterHandler.java:129)
	at org.uberfire.ext.security.server.SecureHeadersFilter.doFilter(SecureHeadersFilter.java:69)
	at io.undertow.servlet.core.ManagedFilter.doFilter(ManagedFilter.java:60)
	at io.undertow.servlet.handlers.FilterHandler$FilterChainImpl.doFilter(FilterHandler.java:131)
	at org.uberfire.ext.security.server.SecurityIntegrationFilter.doFilter(SecurityIntegrationFilter.java:57)
	at io.undertow.servlet.core.ManagedFilter.doFilter(ManagedFilter.java:60)
	at io.undertow.servlet.handlers.FilterHandler$FilterChainImpl.doFilter(FilterHandler.java:131)
	at io.undertow.servlet.handlers.FilterHandler.handleRequest(FilterHandler.java:84)
	at io.undertow.servlet.handlers.security.ServletSecurityRoleHandler.handleRequest(ServletSecurityRoleHandler.java:62)
	at io.undertow.servlet.handlers.ServletDispatchingHandler.handleRequest(ServletDispatchingHandler.java:36)
	at org.wildfly.extension.undertow.security.SecurityContextAssociationHandler.handleRequest(SecurityContextAssociationHandler.java:78)
	at io.undertow.server.handlers.PredicateHandler.handleRequest(PredicateHandler.java:43)
	at io.undertow.servlet.handlers.security.SSLInformationAssociationHandler.handleRequest(SSLInformationAssociationHandler.java:131)
	at io.undertow.servlet.handlers.security.ServletAuthenticationCallHandler.handleRequest(ServletAuthenticationCallHandler.java:57)
	at io.undertow.server.handlers.DisableCacheHandler.handleRequest(DisableCacheHandler.java:33)
	at io.undertow.server.handlers.PredicateHandler.handleRequest(PredicateHandler.java:43)
	at io.undertow.security.handlers.AuthenticationConstraintHandler.handleRequest(AuthenticationConstraintHandler.java:51)
	at io.undertow.security.handlers.AbstractConfidentialityHandler.handleRequest(AbstractConfidentialityHandler.java:46)
	at io.undertow.servlet.handlers.security.ServletConfidentialityConstraintHandler.handleRequest(ServletConfidentialityConstraintHandler.java:64)
	at io.undertow.servlet.handlers.security.ServletSecurityConstraintHandler.handleRequest(ServletSecurityConstraintHandler.java:56)
	at io.undertow.security.handlers.AuthenticationMechanismsHandler.handleRequest(AuthenticationMechanismsHandler.java:60)
	at io.undertow.servlet.handlers.security.CachedAuthenticatedSessionHandler.handleRequest(CachedAuthenticatedSessionHandler.java:77)
	at io.undertow.security.handlers.NotificationReceiverHandler.handleRequest(NotificationReceiverHandler.java:50)
	at io.undertow.security.handlers.AbstractSecurityContextAssociationHandler.handleRequest(AbstractSecurityContextAssociationHandler.java:43)
	at io.undertow.server.handlers.PredicateHandler.handleRequest(PredicateHandler.java:43)
	at org.wildfly.extension.undertow.security.jacc.JACCContextIdHandler.handleRequest(JACCContextIdHandler.java:61)
	at io.undertow.server.handlers.PredicateHandler.handleRequest(PredicateHandler.java:43)
	at io.undertow.server.handlers.PredicateHandler.handleRequest(PredicateHandler.java:43)
	at io.undertow.servlet.handlers.ServletInitialHandler.handleFirstRequest(ServletInitialHandler.java:284)
	at io.undertow.servlet.handlers.ServletInitialHandler.dispatchRequest(ServletInitialHandler.java:263)
	at io.undertow.servlet.handlers.ServletInitialHandler.access$000(ServletInitialHandler.java:81)
	at io.undertow.servlet.handlers.ServletInitialHandler$1.handleRequest(ServletInitialHandler.java:174)
	at io.undertow.server.Connectors.executeRootHandler(Connectors.java:202)
	at io.undertow.server.HttpServerExchange$1.run(HttpServerExchange.java:793)
	at java.util.concurrent.ThreadPoolExecutor.runWorker(ThreadPoolExecutor.java:1142)
	at java.util.concurrent.ThreadPoolExecutor$Worker.run(ThreadPoolExecutor.java:617)
	at java.lang.Thread.run(Thread.java:745)
Caused by: org.apache.xerces.impl.io.MalformedByteSequenceException: Invalid byte 2 of 4-byte UTF-8 sequence.
	at org.apache.xerces.impl.io.UTF8Reader.invalidByte(UTF8Reader.java:698)
	at org.apache.xerces.impl.io.UTF8Reader.read(UTF8Reader.java:477)
	at org.apache.xerces.impl.XMLEntityScanner.load(XMLEntityScanner.java:1753)
	at org.apache.xerces.impl.XMLEntityScanner.scanLiteral(XMLEntityScanner.java:830)
	at org.apache.xerces.impl.XMLScanner.scanAttributeValue(XMLScanner.java:951)
	at org.apache.xerces.impl.XMLNSDocumentScannerImpl.scanAttribute(XMLNSDocumentScannerImpl.java:529)
	at org.apache.xerces.impl.XMLNSDocumentScannerImpl.scanStartElement(XMLNSDocumentScannerImpl.java:181)
	at org.apache.xerces.impl.XMLDocumentFragmentScannerImpl$FragmentContentDispatcher.dispatch(XMLDocumentFragmentScannerImpl.java:1653)
	at org.apache.xerces.impl.XMLDocumentFragmentScannerImpl.scanDocument(XMLDocumentFragmentScannerImpl.java:324)
	at org.apache.xerces.parsers.XML11Configuration.parse(XML11Configuration.java:875)
	at org.apache.xerces.parsers.XML11Configuration.parse(XML11Configuration.java:798)
	at org.apache.xerces.parsers.XMLParser.parse(XMLParser.java:108)
	at org.apache.xerces.parsers.DOMParser.parse(DOMParser.java:230)
	... 64 more

